<?xml version="1.0" encoding="UTF-8"?>
<!-- Generated by org.testng.reporters.JUnitReportReporter -->
<testsuite skipped="0" hostname="Amar" name="pac1.Sample2" tests="1" failures="0" timestamp="15 Sep 2020 06:23:29 GMT" time="53.905" errors="0">
  <testcase name="dropdown" time="53.905" classname="pac1.Sample2"/>
</testsuite> <!-- pac1.Sample2 -->
