<?xml version="1.0" encoding="UTF-8"?>
<!-- Generated by org.testng.reporters.JUnitReportReporter -->
<testsuite skipped="1" hostname="Amar" name="com.appium.pac.gestures.Screen_Test" tests="2" failures="0" timestamp="17 Sep 2020 08:02:22 GMT" time="24.992" errors="0">
  <testcase name="swipeTest1" time="24.992" classname="com.appium.pac.gestures.Screen_Test"/>
  <testcase name="swipe1" classname="com.appium.pac.gestures.Screen_Test">
    <skipped/>
  </testcase> <!-- swipe1 -->
</testsuite> <!-- com.appium.pac.gestures.Screen_Test -->
