<?xml version="1.0" encoding="UTF-8"?>
<!-- Generated by org.testng.reporters.JUnitReportReporter -->
<testsuite skipped="0" hostname="Amar" name="com.appium.pac.gestures.Zoom_Pinch" tests="1" failures="0" timestamp="17 Sep 2020 07:52:17 GMT" time="23.841" errors="0">
  <testcase name="zoom_pinch" time="23.841" classname="com.appium.pac.gestures.Zoom_Pinch"/>
</testsuite> <!-- com.appium.pac.gestures.Zoom_Pinch -->
