<?xml version="1.0" encoding="UTF-8"?>
<!-- Generated by org.testng.reporters.JUnitReportReporter -->
<testsuite skipped="0" hostname="Amar" name="com.appium.pac.gestures.Switch_Apps" tests="1" failures="0" timestamp="23 Sep 2020 12:24:42 GMT" time="53.404" errors="0">
  <testcase name="apps" time="53.404" classname="com.appium.pac.gestures.Switch_Apps"/>
</testsuite> <!-- com.appium.pac.gestures.Switch_Apps -->
