<?xml version="1.0" encoding="UTF-8"?>
<!-- Generated by org.testng.reporters.JUnitReportReporter -->
<testsuite skipped="0" hostname="Amar" name="pac1.Time" tests="1" failures="0" timestamp="15 Sep 2020 06:47:02 GMT" time="37.227" errors="0">
  <testcase name="dropdown" time="37.227" classname="pac1.Time"/>
</testsuite> <!-- pac1.Time -->
